mode: atomic
github.com/Black-And-White-Club/frolf-bot/app/modules/round/application/create_round.go:19.190,20.153 1 5
github.com/Black-And-White-Club/frolf-bot/app/modules/round/application/create_round.go:20.153,31.20 3 5
github.com/Black-And-White-Club/frolf-bot/app/modules/round/application/create_round.go:31.20,39.4 2 1
github.com/Black-And-White-Club/frolf-bot/app/modules/round/application/create_round.go:39.9,41.4 1 4
github.com/Black-And-White-Club/frolf-bot/app/modules/round/application/create_round.go:44.3,49.17 2 4
github.com/Black-And-White-Club/frolf-bot/app/modules/round/application/create_round.go:49.17,57.4 2 2
github.com/Black-And-White-Club/frolf-bot/app/modules/round/application/create_round.go:57.9,59.4 1 2
github.com/Black-And-White-Club/frolf-bot/app/modules/round/application/create_round.go:62.3,63.42 2 2
github.com/Black-And-White-Club/frolf-bot/app/modules/round/application/create_round.go:63.42,71.4 2 0
github.com/Black-And-White-Club/frolf-bot/app/modules/round/application/create_round.go:74.3,100.60 4 2
github.com/Black-And-White-Club/frolf-bot/app/modules/round/application/create_round.go:103.2,103.20 1 5
github.com/Black-And-White-Club/frolf-bot/app/modules/round/application/create_round.go:107.133,108.127 1 5
github.com/Black-And-White-Club/frolf-bot/app/modules/round/application/create_round.go:108.127,110.135 1 5
github.com/Black-And-White-Club/frolf-bot/app/modules/round/application/create_round.go:110.135,118.4 2 4
github.com/Black-And-White-Club/frolf-bot/app/modules/round/application/create_round.go:120.3,122.33 3 1
github.com/Black-And-White-Club/frolf-bot/app/modules/round/application/create_round.go:122.33,124.4 1 1
github.com/Black-And-White-Club/frolf-bot/app/modules/round/application/create_round.go:126.3,142.88 4 1
github.com/Black-And-White-Club/frolf-bot/app/modules/round/application/create_round.go:142.88,149.4 1 0
github.com/Black-And-White-Club/frolf-bot/app/modules/round/application/create_round.go:152.3,153.33 2 1
github.com/Black-And-White-Club/frolf-bot/app/modules/round/application/create_round.go:153.33,155.4 1 1
github.com/Black-And-White-Club/frolf-bot/app/modules/round/application/create_round.go:157.3,158.30 2 1
github.com/Black-And-White-Club/frolf-bot/app/modules/round/application/create_round.go:158.30,160.4 1 1
github.com/Black-And-White-Club/frolf-bot/app/modules/round/application/create_round.go:162.3,163.31 2 1
github.com/Black-And-White-Club/frolf-bot/app/modules/round/application/create_round.go:163.31,165.4 1 1
github.com/Black-And-White-Club/frolf-bot/app/modules/round/application/create_round.go:167.3,176.62 2 1
github.com/Black-And-White-Club/frolf-bot/app/modules/round/application/create_round.go:176.62,184.4 2 0
github.com/Black-And-White-Club/frolf-bot/app/modules/round/application/create_round.go:184.9,186.4 1 1
github.com/Black-And-White-Club/frolf-bot/app/modules/round/application/create_round.go:189.3,211.10 3 1
github.com/Black-And-White-Club/frolf-bot/app/modules/round/application/create_round.go:215.2,215.20 1 5
github.com/Black-And-White-Club/frolf-bot/app/modules/round/application/create_round.go:220.147,221.128 1 3
github.com/Black-And-White-Club/frolf-bot/app/modules/round/application/create_round.go:221.128,228.19 3 3
github.com/Black-And-White-Club/frolf-bot/app/modules/round/application/create_round.go:228.19,241.4 3 1
github.com/Black-And-White-Club/frolf-bot/app/modules/round/application/create_round.go:243.3,249.51 3 2
github.com/Black-And-White-Club/frolf-bot/app/modules/round/application/create_round.go:251.2,251.16 1 3
github.com/Black-And-White-Club/frolf-bot/app/modules/round/application/create_round.go:251.16,253.3 1 1
github.com/Black-And-White-Club/frolf-bot/app/modules/round/application/create_round.go:255.2,255.27 1 2
github.com/Black-And-White-Club/frolf-bot/app/modules/round/application/create_round.go:255.27,257.10 2 2
github.com/Black-And-White-Club/frolf-bot/app/modules/round/application/create_round.go:257.10,263.4 2 0
github.com/Black-And-White-Club/frolf-bot/app/modules/round/application/create_round.go:264.3,264.27 1 2
github.com/Black-And-White-Club/frolf-bot/app/modules/round/application/create_round.go:267.2,267.27 1 0
github.com/Black-And-White-Club/frolf-bot/app/modules/round/application/create_round.go:267.27,272.3 2 0
github.com/Black-And-White-Club/frolf-bot/app/modules/round/application/create_round.go:274.2,275.8 2 0
github.com/Black-And-White-Club/frolf-bot/app/modules/round/application/create_round.go:275.8,277.3 1 0
github.com/Black-And-White-Club/frolf-bot/app/modules/round/application/create_round.go:278.2,278.63 1 0
github.com/Black-And-White-Club/frolf-bot/app/modules/round/application/delete_round.go:14.149,15.134 1 3
github.com/Black-And-White-Club/frolf-bot/app/modules/round/application/delete_round.go:15.134,16.55 1 3
github.com/Black-And-White-Club/frolf-bot/app/modules/round/application/delete_round.go:16.55,23.4 1 1
github.com/Black-And-White-Club/frolf-bot/app/modules/round/application/delete_round.go:25.3,25.41 1 2
github.com/Black-And-White-Club/frolf-bot/app/modules/round/application/delete_round.go:25.41,32.4 1 1
github.com/Black-And-White-Club/frolf-bot/app/modules/round/application/delete_round.go:34.3,43.9 2 1
github.com/Black-And-White-Club/frolf-bot/app/modules/round/application/delete_round.go:47.137,49.54 1 4
github.com/Black-And-White-Club/frolf-bot/app/modules/round/application/delete_round.go:49.54,59.3 2 1
github.com/Black-And-White-Club/frolf-bot/app/modules/round/application/delete_round.go:61.2,72.68 3 3
github.com/Black-And-White-Club/frolf-bot/app/modules/round/application/delete_round.go:72.68,85.3 2 1
github.com/Black-And-White-Club/frolf-bot/app/modules/round/application/delete_round.go:86.2,89.80 2 2
github.com/Black-And-White-Club/frolf-bot/app/modules/round/application/delete_round.go:89.80,95.3 1 0
github.com/Black-And-White-Club/frolf-bot/app/modules/round/application/delete_round.go:95.8,97.3 1 2
github.com/Black-And-White-Club/frolf-bot/app/modules/round/application/delete_round.go:99.2,109.8 3 2
github.com/Black-And-White-Club/frolf-bot/app/modules/round/application/finalize_round.go:14.136,15.129 1 4
github.com/Black-And-White-Club/frolf-bot/app/modules/round/application/finalize_round.go:15.129,21.88 3 4
github.com/Black-And-White-Club/frolf-bot/app/modules/round/application/finalize_round.go:21.88,32.4 4 0
github.com/Black-And-White-Club/frolf-bot/app/modules/round/application/finalize_round.go:35.3,36.17 2 4
github.com/Black-And-White-Club/frolf-bot/app/modules/round/application/finalize_round.go:36.17,47.4 4 2
github.com/Black-And-White-Club/frolf-bot/app/modules/round/application/finalize_round.go:50.3,59.62 3 2
github.com/Black-And-White-Club/frolf-bot/app/modules/round/application/finalize_round.go:62.2,62.20 1 4
github.com/Black-And-White-Club/frolf-bot/app/modules/round/application/finalize_round.go:66.136,67.133 1 4
github.com/Black-And-White-Club/frolf-bot/app/modules/round/application/finalize_round.go:67.133,73.40 3 4
github.com/Black-And-White-Club/frolf-bot/app/modules/round/application/finalize_round.go:73.40,75.47 2 7
github.com/Black-And-White-Club/frolf-bot/app/modules/round/application/finalize_round.go:75.47,77.5 1 4
github.com/Black-And-White-Club/frolf-bot/app/modules/round/application/finalize_round.go:79.4,80.22 2 7
github.com/Black-And-White-Club/frolf-bot/app/modules/round/application/finalize_round.go:80.22,82.5 1 4
github.com/Black-And-White-Club/frolf-bot/app/modules/round/application/finalize_round.go:84.4,89.6 2 7
github.com/Black-And-White-Club/frolf-bot/app/modules/round/application/finalize_round.go:93.3,103.66 3 4
github.com/Black-And-White-Club/frolf-bot/app/modules/round/application/finalize_round.go:106.2,106.20 1 4
github.com/Black-And-White-Club/frolf-bot/app/modules/round/application/finalize_round.go:110.123,115.2 1 2
github.com/Black-And-White-Club/frolf-bot/app/modules/round/application/participant_status.go:15.149,16.138 1 5
github.com/Black-And-White-Club/frolf-bot/app/modules/round/application/participant_status.go:16.138,25.17 3 5
github.com/Black-And-White-Club/frolf-bot/app/modules/round/application/participant_status.go:25.17,38.4 3 2
github.com/Black-And-White-Club/frolf-bot/app/modules/round/application/participant_status.go:40.3,41.25 2 3
github.com/Black-And-White-Club/frolf-bot/app/modules/round/application/participant_status.go:41.25,43.4 1 2
github.com/Black-And-White-Club/frolf-bot/app/modules/round/application/participant_status.go:44.3,51.48 2 3
github.com/Black-And-White-Club/frolf-bot/app/modules/round/application/participant_status.go:51.48,63.4 3 1
github.com/Black-And-White-Club/frolf-bot/app/modules/round/application/participant_status.go:66.3,76.63 3 2
github.com/Black-And-White-Club/frolf-bot/app/modules/round/application/participant_status.go:79.2,79.20 1 5
github.com/Black-And-White-Club/frolf-bot/app/modules/round/application/participant_status.go:83.157,84.146 1 7
github.com/Black-And-White-Club/frolf-bot/app/modules/round/application/participant_status.go:84.146,96.55 3 7
github.com/Black-And-White-Club/frolf-bot/app/modules/round/application/participant_status.go:96.55,98.4 1 1
github.com/Black-And-White-Club/frolf-bot/app/modules/round/application/participant_status.go:99.3,99.27 1 7
github.com/Black-And-White-Club/frolf-bot/app/modules/round/application/participant_status.go:99.27,101.4 1 1
github.com/Black-And-White-Club/frolf-bot/app/modules/round/application/participant_status.go:103.3,103.29 1 7
github.com/Black-And-White-Club/frolf-bot/app/modules/round/application/participant_status.go:103.29,115.56 3 2
github.com/Black-And-White-Club/frolf-bot/app/modules/round/application/participant_status.go:115.56,117.27 2 1
github.com/Black-And-White-Club/frolf-bot/app/modules/round/application/participant_status.go:117.27,119.6 1 1
github.com/Black-And-White-Club/frolf-bot/app/modules/round/application/participant_status.go:119.11,125.6 1 0
github.com/Black-And-White-Club/frolf-bot/app/modules/round/application/participant_status.go:127.4,127.108 1 2
github.com/Black-And-White-Club/frolf-bot/app/modules/round/application/participant_status.go:131.3,136.17 3 5
github.com/Black-And-White-Club/frolf-bot/app/modules/round/application/participant_status.go:136.17,148.20 3 1
github.com/Black-And-White-Club/frolf-bot/app/modules/round/application/participant_status.go:148.20,150.5 1 0
github.com/Black-And-White-Club/frolf-bot/app/modules/round/application/participant_status.go:152.4,152.110 1 1
github.com/Black-And-White-Club/frolf-bot/app/modules/round/application/participant_status.go:156.3,167.27 4 4
github.com/Black-And-White-Club/frolf-bot/app/modules/round/application/participant_status.go:168.64,179.64 3 2
github.com/Black-And-White-Club/frolf-bot/app/modules/round/application/participant_status.go:181.35,188.55 2 1
github.com/Black-And-White-Club/frolf-bot/app/modules/round/application/participant_status.go:190.11,203.20 3 1
github.com/Black-And-White-Club/frolf-bot/app/modules/round/application/participant_status.go:203.20,205.5 1 1
github.com/Black-And-White-Club/frolf-bot/app/modules/round/application/participant_status.go:207.4,207.118 1 1
github.com/Black-And-White-Club/frolf-bot/app/modules/round/application/participant_status.go:211.2,211.20 1 7
github.com/Black-And-White-Club/frolf-bot/app/modules/round/application/participant_status.go:215.148,217.134 1 5
github.com/Black-And-White-Club/frolf-bot/app/modules/round/application/participant_status.go:217.134,227.17 3 5
github.com/Black-And-White-Club/frolf-bot/app/modules/round/application/participant_status.go:227.17,240.4 3 1
github.com/Black-And-White-Club/frolf-bot/app/modules/round/application/participant_status.go:244.3,246.53 3 4
github.com/Black-And-White-Club/frolf-bot/app/modules/round/application/participant_status.go:246.53,247.34 1 6
github.com/Black-And-White-Club/frolf-bot/app/modules/round/application/participant_status.go:247.34,250.10 3 3
github.com/Black-And-White-Club/frolf-bot/app/modules/round/application/participant_status.go:254.3,254.38 1 4
github.com/Black-And-White-Club/frolf-bot/app/modules/round/application/participant_status.go:254.38,277.4 4 1
github.com/Black-And-White-Club/frolf-bot/app/modules/round/application/participant_status.go:279.3,288.91 2 3
github.com/Black-And-White-Club/frolf-bot/app/modules/round/application/participant_status.go:288.91,301.4 3 0
github.com/Black-And-White-Club/frolf-bot/app/modules/round/application/participant_status.go:303.3,313.17 3 3
github.com/Black-And-White-Club/frolf-bot/app/modules/round/application/participant_status.go:313.17,332.4 3 0
github.com/Black-And-White-Club/frolf-bot/app/modules/round/application/participant_status.go:335.3,364.60 4 3
github.com/Black-And-White-Club/frolf-bot/app/modules/round/application/participant_status.go:368.2,368.20 1 5
github.com/Black-And-White-Club/frolf-bot/app/modules/round/application/participant_status.go:373.150,375.139 1 6
github.com/Black-And-White-Club/frolf-bot/app/modules/round/application/participant_status.go:375.139,378.32 2 6
github.com/Black-And-White-Club/frolf-bot/app/modules/round/application/participant_status.go:378.32,380.4 1 6
github.com/Black-And-White-Club/frolf-bot/app/modules/round/application/participant_status.go:383.3,395.134 2 6
github.com/Black-And-White-Club/frolf-bot/app/modules/round/application/participant_status.go:395.134,405.18 3 2
github.com/Black-And-White-Club/frolf-bot/app/modules/round/application/participant_status.go:405.18,418.5 3 1
github.com/Black-And-White-Club/frolf-bot/app/modules/round/application/participant_status.go:421.4,435.18 4 1
github.com/Black-And-White-Club/frolf-bot/app/modules/round/application/participant_status.go:435.18,448.5 3 0
github.com/Black-And-White-Club/frolf-bot/app/modules/round/application/participant_status.go:451.4,462.60 3 1
github.com/Black-And-White-Club/frolf-bot/app/modules/round/application/participant_status.go:464.9,468.28 1 4
github.com/Black-And-White-Club/frolf-bot/app/modules/round/application/participant_status.go:469.65,484.64 3 1
github.com/Black-And-White-Club/frolf-bot/app/modules/round/application/participant_status.go:486.36,495.19 3 2
github.com/Black-And-White-Club/frolf-bot/app/modules/round/application/participant_status.go:495.19,507.6 3 1
github.com/Black-And-White-Club/frolf-bot/app/modules/round/application/participant_status.go:510.5,524.19 4 1
github.com/Black-And-White-Club/frolf-bot/app/modules/round/application/participant_status.go:524.19,537.6 3 0
github.com/Black-And-White-Club/frolf-bot/app/modules/round/application/participant_status.go:540.5,551.61 3 1
github.com/Black-And-White-Club/frolf-bot/app/modules/round/application/participant_status.go:553.12,565.116 3 1
github.com/Black-And-White-Club/frolf-bot/app/modules/round/application/participant_status.go:571.2,571.20 1 6
github.com/Black-And-White-Club/frolf-bot/app/modules/round/application/participant_status.go:575.125,576.33 1 5
github.com/Black-And-White-Club/frolf-bot/app/modules/round/application/participant_status.go:576.33,577.42 1 6
github.com/Black-And-White-Club/frolf-bot/app/modules/round/application/participant_status.go:578.34,579.34 1 3
github.com/Black-And-White-Club/frolf-bot/app/modules/round/application/participant_status.go:580.35,581.34 1 2
github.com/Black-And-White-Club/frolf-bot/app/modules/round/application/participant_status.go:582.37,583.36 1 1
github.com/Black-And-White-Club/frolf-bot/app/modules/round/application/participant_status.go:586.2,586.8 1 5
github.com/Black-And-White-Club/frolf-bot/app/modules/round/application/participant_tags.go:15.174,18.16 2 4
github.com/Black-And-White-Club/frolf-bot/app/modules/round/application/participant_tags.go:18.16,20.3 1 0
github.com/Black-And-White-Club/frolf-bot/app/modules/round/application/participant_tags.go:23.2,26.31 2 4
github.com/Black-And-White-Club/frolf-bot/app/modules/round/application/participant_tags.go:26.31,32.50 2 5
github.com/Black-And-White-Club/frolf-bot/app/modules/round/application/participant_tags.go:32.50,33.65 1 8
github.com/Black-And-White-Club/frolf-bot/app/modules/round/application/participant_tags.go:33.65,36.5 2 4
github.com/Black-And-White-Club/frolf-bot/app/modules/round/application/participant_tags.go:38.3,38.35 1 5
github.com/Black-And-White-Club/frolf-bot/app/modules/round/application/participant_tags.go:38.35,40.4 1 3
github.com/Black-And-White-Club/frolf-bot/app/modules/round/application/participant_tags.go:43.2,47.21 2 4
github.com/Black-And-White-Club/frolf-bot/app/modules/round/application/participant_tags.go:51.160,52.162 1 4
github.com/Black-And-White-Club/frolf-bot/app/modules/round/application/participant_tags.go:52.162,55.17 2 4
github.com/Black-And-White-Club/frolf-bot/app/modules/round/application/participant_tags.go:55.17,61.4 1 0
github.com/Black-And-White-Club/frolf-bot/app/modules/round/application/participant_tags.go:63.3,68.77 2 4
github.com/Black-And-White-Club/frolf-bot/app/modules/round/application/participant_tags.go:68.77,74.4 1 0
github.com/Black-And-White-Club/frolf-bot/app/modules/round/application/participant_tags.go:76.3,88.34 3 4
github.com/Black-And-White-Club/frolf-bot/app/modules/round/application/participant_tags.go:88.34,92.4 3 3
github.com/Black-And-White-Club/frolf-bot/app/modules/round/application/participant_tags.go:94.3,94.66 1 4
github.com/Black-And-White-Club/frolf-bot/app/modules/round/application/participant_tags.go:97.2,97.20 1 4
github.com/Black-And-White-Club/frolf-bot/app/modules/round/application/retrieve_round.go:14.113,15.108 1 2
github.com/Black-And-White-Club/frolf-bot/app/modules/round/application/retrieve_round.go:15.108,21.17 3 2
github.com/Black-And-White-Club/frolf-bot/app/modules/round/application/retrieve_round.go:21.17,33.4 3 1
github.com/Black-And-White-Club/frolf-bot/app/modules/round/application/retrieve_round.go:35.3,58.9 4 1
github.com/Black-And-White-Club/frolf-bot/app/modules/round/application/round_reminders.go:14.140,15.128 1 3
github.com/Black-And-White-Club/frolf-bot/app/modules/round/application/round_reminders.go:15.128,25.17 4 3
github.com/Black-And-White-Club/frolf-bot/app/modules/round/application/round_reminders.go:25.17,37.4 3 1
github.com/Black-And-White-Club/frolf-bot/app/modules/round/application/round_reminders.go:39.3,39.34 1 2
github.com/Black-And-White-Club/frolf-bot/app/modules/round/application/round_reminders.go:39.34,40.93 1 6
github.com/Black-And-White-Club/frolf-bot/app/modules/round/application/round_reminders.go:40.93,42.5 1 3
github.com/Black-And-White-Club/frolf-bot/app/modules/round/application/round_reminders.go:46.3,46.24 1 2
github.com/Black-And-White-Club/frolf-bot/app/modules/round/application/round_reminders.go:46.24,55.4 2 1
github.com/Black-And-White-Club/frolf-bot/app/modules/round/application/round_reminders.go:58.3,75.9 3 1
github.com/Black-And-White-Club/frolf-bot/app/modules/round/application/schedule_round.go:16.163,17.127 1 2
github.com/Black-And-White-Club/frolf-bot/app/modules/round/application/schedule_round.go:17.127,23.101 2 2
github.com/Black-And-White-Club/frolf-bot/app/modules/round/application/schedule_round.go:23.101,34.4 2 0
github.com/Black-And-White-Club/frolf-bot/app/modules/round/application/schedule_round.go:37.3,43.39 3 2
github.com/Black-And-White-Club/frolf-bot/app/modules/round/application/schedule_round.go:43.39,57.18 4 1
github.com/Black-And-White-Club/frolf-bot/app/modules/round/application/schedule_round.go:57.18,68.5 2 0
github.com/Black-And-White-Club/frolf-bot/app/modules/round/application/schedule_round.go:71.4,72.158 2 1
github.com/Black-And-White-Club/frolf-bot/app/modules/round/application/schedule_round.go:72.158,83.5 2 0
github.com/Black-And-White-Club/frolf-bot/app/modules/round/application/schedule_round.go:84.9,90.4 1 1
github.com/Black-And-White-Club/frolf-bot/app/modules/round/application/schedule_round.go:93.3,93.44 1 2
github.com/Black-And-White-Club/frolf-bot/app/modules/round/application/schedule_round.go:93.44,109.18 4 2
github.com/Black-And-White-Club/frolf-bot/app/modules/round/application/schedule_round.go:109.18,120.5 2 0
github.com/Black-And-White-Club/frolf-bot/app/modules/round/application/schedule_round.go:123.4,124.160 2 2
github.com/Black-And-White-Club/frolf-bot/app/modules/round/application/schedule_round.go:124.160,135.5 2 0
github.com/Black-And-White-Club/frolf-bot/app/modules/round/application/schedule_round.go:136.9,142.4 1 0
github.com/Black-And-White-Club/frolf-bot/app/modules/round/application/schedule_round.go:144.3,161.9 3 2
github.com/Black-And-White-Club/frolf-bot/app/modules/round/application/score_round.go:18.149,19.134 1 5
github.com/Black-And-White-Club/frolf-bot/app/modules/round/application/score_round.go:19.134,21.55 2 5
github.com/Black-And-White-Club/frolf-bot/app/modules/round/application/score_round.go:21.55,23.4 1 3
github.com/Black-And-White-Club/frolf-bot/app/modules/round/application/score_round.go:24.3,24.32 1 5
github.com/Black-And-White-Club/frolf-bot/app/modules/round/application/score_round.go:24.32,26.4 1 2
github.com/Black-And-White-Club/frolf-bot/app/modules/round/application/score_round.go:27.3,27.27 1 5
github.com/Black-And-White-Club/frolf-bot/app/modules/round/application/score_round.go:27.27,29.4 1 2
github.com/Black-And-White-Club/frolf-bot/app/modules/round/application/score_round.go:32.3,32.20 1 5
github.com/Black-And-White-Club/frolf-bot/app/modules/round/application/score_round.go:32.20,44.4 3 4
github.com/Black-And-White-Club/frolf-bot/app/modules/round/application/score_round.go:46.3,54.9 2 1
github.com/Black-And-White-Club/frolf-bot/app/modules/round/application/score_round.go:59.147,60.156 1 2
github.com/Black-And-White-Club/frolf-bot/app/modules/round/application/score_round.go:60.156,63.17 2 2
github.com/Black-And-White-Club/frolf-bot/app/modules/round/application/score_round.go:63.17,74.4 2 1
github.com/Black-And-White-Club/frolf-bot/app/modules/round/application/score_round.go:77.3,78.17 2 1
github.com/Black-And-White-Club/frolf-bot/app/modules/round/application/score_round.go:78.17,91.4 2 0
github.com/Black-And-White-Club/frolf-bot/app/modules/round/application/score_round.go:94.3,95.17 2 1
github.com/Black-And-White-Club/frolf-bot/app/modules/round/application/score_round.go:95.17,106.4 2 0
github.com/Black-And-White-Club/frolf-bot/app/modules/round/application/score_round.go:108.3,124.9 2 1
github.com/Black-And-White-Club/frolf-bot/app/modules/round/application/score_round.go:137.151,138.131 1 3
github.com/Black-And-White-Club/frolf-bot/app/modules/round/application/score_round.go:138.131,140.17 2 3
github.com/Black-And-White-Club/frolf-bot/app/modules/round/application/score_round.go:140.17,152.4 2 1
github.com/Black-And-White-Club/frolf-bot/app/modules/round/application/score_round.go:156.3,157.17 2 2
github.com/Black-And-White-Club/frolf-bot/app/modules/round/application/score_round.go:157.17,169.4 2 0
github.com/Black-And-White-Club/frolf-bot/app/modules/round/application/score_round.go:171.3,171.25 1 2
github.com/Black-And-White-Club/frolf-bot/app/modules/round/application/score_round.go:171.25,185.4 2 1
github.com/Black-And-White-Club/frolf-bot/app/modules/round/application/score_round.go:185.9,201.4 2 1
github.com/Black-And-White-Club/frolf-bot/app/modules/round/application/score_round.go:206.114,208.16 2 3
github.com/Black-And-White-Club/frolf-bot/app/modules/round/application/score_round.go:208.16,210.3 1 1
github.com/Black-And-White-Club/frolf-bot/app/modules/round/application/score_round.go:212.2,212.33 1 2
github.com/Black-And-White-Club/frolf-bot/app/modules/round/application/score_round.go:212.33,213.21 1 4
github.com/Black-And-White-Club/frolf-bot/app/modules/round/application/score_round.go:213.21,215.4 1 1
github.com/Black-And-White-Club/frolf-bot/app/modules/round/application/score_round.go:218.2,218.18 1 1
github.com/Black-And-White-Club/frolf-bot/app/modules/round/application/service.go:38.11,46.206 1 86
github.com/Black-And-White-Club/frolf-bot/app/modules/round/application/service.go:46.206,48.4 1 82
github.com/Black-And-White-Club/frolf-bot/app/modules/round/application/service.go:53.280,54.24 1 82
github.com/Black-And-White-Club/frolf-bot/app/modules/round/application/service.go:54.24,56.3 1 0
github.com/Black-And-White-Club/frolf-bot/app/modules/round/application/service.go:58.2,67.15 5 82
github.com/Black-And-White-Club/frolf-bot/app/modules/round/application/service.go:67.15,70.3 2 82
github.com/Black-And-White-Club/frolf-bot/app/modules/round/application/service.go:72.2,78.15 2 82
github.com/Black-And-White-Club/frolf-bot/app/modules/round/application/service.go:78.15,79.31 1 82
github.com/Black-And-White-Club/frolf-bot/app/modules/round/application/service.go:79.31,91.4 6 0
github.com/Black-And-White-Club/frolf-bot/app/modules/round/application/service.go:94.2,95.16 2 82
github.com/Black-And-White-Club/frolf-bot/app/modules/round/application/service.go:95.16,104.3 5 37
github.com/Black-And-White-Club/frolf-bot/app/modules/round/application/service.go:106.2,112.20 3 45
github.com/Black-And-White-Club/frolf-bot/app/modules/round/application/start_round.go:14.134,15.125 1 3
github.com/Black-And-White-Club/frolf-bot/app/modules/round/application/start_round.go:15.125,22.17 3 3
github.com/Black-And-White-Club/frolf-bot/app/modules/round/application/start_round.go:22.17,34.4 3 2
github.com/Black-And-White-Club/frolf-bot/app/modules/round/application/start_round.go:37.3,39.69 2 1
github.com/Black-And-White-Club/frolf-bot/app/modules/round/application/start_round.go:39.69,51.4 3 0
github.com/Black-And-White-Club/frolf-bot/app/modules/round/application/start_round.go:54.3,55.40 2 1
github.com/Black-And-White-Club/frolf-bot/app/modules/round/application/start_round.go:55.40,62.4 1 1
github.com/Black-And-White-Club/frolf-bot/app/modules/round/application/start_round.go:65.3,80.9 3 1
github.com/Black-And-White-Club/frolf-bot/app/modules/round/application/update_round.go:16.149,17.134 1 5
github.com/Black-And-White-Club/frolf-bot/app/modules/round/application/update_round.go:17.134,19.55 2 5
github.com/Black-And-White-Club/frolf-bot/app/modules/round/application/update_round.go:19.55,21.4 1 2
github.com/Black-And-White-Club/frolf-bot/app/modules/round/application/update_round.go:23.3,23.111 1 5
github.com/Black-And-White-Club/frolf-bot/app/modules/round/application/update_round.go:23.111,25.4 1 2
github.com/Black-And-White-Club/frolf-bot/app/modules/round/application/update_round.go:27.3,27.20 1 5
github.com/Black-And-White-Club/frolf-bot/app/modules/round/application/update_round.go:27.20,39.4 3 3
github.com/Black-And-White-Club/frolf-bot/app/modules/round/application/update_round.go:41.3,49.9 2 2
github.com/Black-And-White-Club/frolf-bot/app/modules/round/application/update_round.go:54.142,55.151 1 4
github.com/Black-And-White-Club/frolf-bot/app/modules/round/application/update_round.go:55.151,62.17 3 4
github.com/Black-And-White-Club/frolf-bot/app/modules/round/application/update_round.go:62.17,73.4 2 1
github.com/Black-And-White-Club/frolf-bot/app/modules/round/application/update_round.go:76.3,76.52 1 3
github.com/Black-And-White-Club/frolf-bot/app/modules/round/application/update_round.go:76.52,78.4 1 1
github.com/Black-And-White-Club/frolf-bot/app/modules/round/application/update_round.go:79.3,79.59 1 3
github.com/Black-And-White-Club/frolf-bot/app/modules/round/application/update_round.go:79.59,81.4 1 1
github.com/Black-And-White-Club/frolf-bot/app/modules/round/application/update_round.go:82.3,82.56 1 3
github.com/Black-And-White-Club/frolf-bot/app/modules/round/application/update_round.go:82.56,84.4 1 1
github.com/Black-And-White-Club/frolf-bot/app/modules/round/application/update_round.go:85.3,85.57 1 3
github.com/Black-And-White-Club/frolf-bot/app/modules/round/application/update_round.go:85.57,88.4 2 1
github.com/Black-And-White-Club/frolf-bot/app/modules/round/application/update_round.go:89.3,89.57 1 3
github.com/Black-And-White-Club/frolf-bot/app/modules/round/application/update_round.go:89.57,91.4 1 1
github.com/Black-And-White-Club/frolf-bot/app/modules/round/application/update_round.go:94.3,94.85 1 3
github.com/Black-And-White-Club/frolf-bot/app/modules/round/application/update_round.go:94.85,105.4 2 0
github.com/Black-And-White-Club/frolf-bot/app/modules/round/application/update_round.go:107.3,126.9 2 3
github.com/Black-And-White-Club/frolf-bot/app/modules/round/application/update_round.go:131.150,132.134 1 2
github.com/Black-And-White-Club/frolf-bot/app/modules/round/application/update_round.go:132.134,138.81 2 2
github.com/Black-And-White-Club/frolf-bot/app/modules/round/application/update_round.go:138.81,143.4 1 0
github.com/Black-And-White-Club/frolf-bot/app/modules/round/application/update_round.go:146.3,147.22 2 2
github.com/Black-And-White-Club/frolf-bot/app/modules/round/application/update_round.go:147.22,162.4 3 1
github.com/Black-And-White-Club/frolf-bot/app/modules/round/application/update_round.go:165.3,172.9 2 1
github.com/Black-And-White-Club/frolf-bot/app/modules/round/infrastructure/repositories/round.go:23.88,30.16 2 35
github.com/Black-And-White-Club/frolf-bot/app/modules/round/infrastructure/repositories/round.go:30.16,32.3 1 0
github.com/Black-And-White-Club/frolf-bot/app/modules/round/infrastructure/repositories/round.go:33.2,33.12 1 35
github.com/Black-And-White-Club/frolf-bot/app/modules/round/infrastructure/repositories/round.go:37.110,43.16 3 49
github.com/Black-And-White-Club/frolf-bot/app/modules/round/infrastructure/repositories/round.go:43.16,44.27 1 11
github.com/Black-And-White-Club/frolf-bot/app/modules/round/infrastructure/repositories/round.go:44.27,47.4 1 11
github.com/Black-And-White-Club/frolf-bot/app/modules/round/infrastructure/repositories/round.go:48.3,48.59 1 0
github.com/Black-And-White-Club/frolf-bot/app/modules/round/infrastructure/repositories/round.go:50.2,50.19 1 38
github.com/Black-And-White-Club/frolf-bot/app/modules/round/infrastructure/repositories/round.go:54.152,60.16 3 5
github.com/Black-And-White-Club/frolf-bot/app/modules/round/infrastructure/repositories/round.go:60.16,62.3 1 2
github.com/Black-And-White-Club/frolf-bot/app/modules/round/infrastructure/repositories/round.go:65.2,65.39 1 3
github.com/Black-And-White-Club/frolf-bot/app/modules/round/infrastructure/repositories/round.go:65.39,66.25 1 2
github.com/Black-And-White-Club/frolf-bot/app/modules/round/infrastructure/repositories/round.go:66.25,68.4 1 2
github.com/Black-And-White-Club/frolf-bot/app/modules/round/infrastructure/repositories/round.go:72.2,72.17 1 1
github.com/Black-And-White-Club/frolf-bot/app/modules/round/infrastructure/repositories/round.go:76.128,83.16 3 3
github.com/Black-And-White-Club/frolf-bot/app/modules/round/infrastructure/repositories/round.go:83.16,85.3 1 0
github.com/Black-And-White-Club/frolf-bot/app/modules/round/infrastructure/repositories/round.go:88.2,90.39 3 3
github.com/Black-And-White-Club/frolf-bot/app/modules/round/infrastructure/repositories/round.go:90.39,91.25 1 7
github.com/Black-And-White-Club/frolf-bot/app/modules/round/infrastructure/repositories/round.go:91.25,93.4 1 4
github.com/Black-And-White-Club/frolf-bot/app/modules/round/infrastructure/repositories/round.go:93.9,95.4 1 3
github.com/Black-And-White-Club/frolf-bot/app/modules/round/infrastructure/repositories/round.go:98.2,98.12 1 3
github.com/Black-And-White-Club/frolf-bot/app/modules/round/infrastructure/repositories/round.go:98.12,101.3 1 0
github.com/Black-And-White-Club/frolf-bot/app/modules/round/infrastructure/repositories/round.go:104.2,109.16 2 3
github.com/Black-And-White-Club/frolf-bot/app/modules/round/infrastructure/repositories/round.go:109.16,111.3 1 0
github.com/Black-And-White-Club/frolf-bot/app/modules/round/infrastructure/repositories/round.go:113.2,113.12 1 3
github.com/Black-And-White-Club/frolf-bot/app/modules/round/infrastructure/repositories/round.go:117.117,122.16 2 4
github.com/Black-And-White-Club/frolf-bot/app/modules/round/infrastructure/repositories/round.go:122.16,124.3 1 0
github.com/Black-And-White-Club/frolf-bot/app/modules/round/infrastructure/repositories/round.go:125.2,126.16 2 4
github.com/Black-And-White-Club/frolf-bot/app/modules/round/infrastructure/repositories/round.go:126.16,128.3 1 0
github.com/Black-And-White-Club/frolf-bot/app/modules/round/infrastructure/repositories/round.go:129.2,129.23 1 4
github.com/Black-And-White-Club/frolf-bot/app/modules/round/infrastructure/repositories/round.go:129.23,131.3 1 0
github.com/Black-And-White-Club/frolf-bot/app/modules/round/infrastructure/repositories/round.go:132.2,132.12 1 4
github.com/Black-And-White-Club/frolf-bot/app/modules/round/infrastructure/repositories/round.go:136.92,138.46 1 3
github.com/Black-And-White-Club/frolf-bot/app/modules/round/infrastructure/repositories/round.go:138.46,141.3 2 0
github.com/Black-And-White-Club/frolf-bot/app/modules/round/infrastructure/repositories/round.go:144.2,148.16 2 3
github.com/Black-And-White-Club/frolf-bot/app/modules/round/infrastructure/repositories/round.go:148.16,151.3 2 0
github.com/Black-And-White-Club/frolf-bot/app/modules/round/infrastructure/repositories/round.go:153.2,153.13 1 3
github.com/Black-And-White-Club/frolf-bot/app/modules/round/infrastructure/repositories/round.go:153.13,156.3 2 1
github.com/Black-And-White-Club/frolf-bot/app/modules/round/infrastructure/repositories/round.go:159.2,165.16 2 2
github.com/Black-And-White-Club/frolf-bot/app/modules/round/infrastructure/repositories/round.go:165.16,168.3 2 0
github.com/Black-And-White-Club/frolf-bot/app/modules/round/infrastructure/repositories/round.go:171.2,172.16 2 2
github.com/Black-And-White-Club/frolf-bot/app/modules/round/infrastructure/repositories/round.go:172.16,175.3 2 0
github.com/Black-And-White-Club/frolf-bot/app/modules/round/infrastructure/repositories/round.go:177.2,177.23 1 2
github.com/Black-And-White-Club/frolf-bot/app/modules/round/infrastructure/repositories/round.go:177.23,180.3 2 0
github.com/Black-And-White-Club/frolf-bot/app/modules/round/infrastructure/repositories/round.go:182.2,183.12 2 2
github.com/Black-And-White-Club/frolf-bot/app/modules/round/infrastructure/repositories/round.go:187.162,190.34 2 2
github.com/Black-And-White-Club/frolf-bot/app/modules/round/infrastructure/repositories/round.go:190.34,192.3 1 1
github.com/Black-And-White-Club/frolf-bot/app/modules/round/infrastructure/repositories/round.go:195.2,196.16 2 2
github.com/Black-And-White-Club/frolf-bot/app/modules/round/infrastructure/repositories/round.go:196.16,200.3 2 0
github.com/Black-And-White-Club/frolf-bot/app/modules/round/infrastructure/repositories/round.go:201.2,209.16 4 2
github.com/Black-And-White-Club/frolf-bot/app/modules/round/infrastructure/repositories/round.go:209.16,213.3 2 0
github.com/Black-And-White-Club/frolf-bot/app/modules/round/infrastructure/repositories/round.go:216.2,216.33 1 2
github.com/Black-And-White-Club/frolf-bot/app/modules/round/infrastructure/repositories/round.go:216.33,219.3 2 0
github.com/Black-And-White-Club/frolf-bot/app/modules/round/infrastructure/repositories/round.go:222.2,223.38 2 2
github.com/Black-And-White-Club/frolf-bot/app/modules/round/infrastructure/repositories/round.go:223.38,226.37 2 2
github.com/Black-And-White-Club/frolf-bot/app/modules/round/infrastructure/repositories/round.go:226.37,233.34 2 2
github.com/Black-And-White-Club/frolf-bot/app/modules/round/infrastructure/repositories/round.go:233.34,242.5 3 2
github.com/Black-And-White-Club/frolf-bot/app/modules/round/infrastructure/repositories/round.go:246.4,247.26 2 2
github.com/Black-And-White-Club/frolf-bot/app/modules/round/infrastructure/repositories/round.go:247.26,249.5 1 2
github.com/Black-And-White-Club/frolf-bot/app/modules/round/infrastructure/repositories/round.go:250.4,251.36 2 2
github.com/Black-And-White-Club/frolf-bot/app/modules/round/infrastructure/repositories/round.go:251.36,253.5 1 1
github.com/Black-And-White-Club/frolf-bot/app/modules/round/infrastructure/repositories/round.go:256.4,259.100 2 2
github.com/Black-And-White-Club/frolf-bot/app/modules/round/infrastructure/repositories/round.go:259.100,261.5 1 2
github.com/Black-And-White-Club/frolf-bot/app/modules/round/infrastructure/repositories/round.go:263.4,263.18 1 2
github.com/Black-And-White-Club/frolf-bot/app/modules/round/infrastructure/repositories/round.go:263.18,269.5 1 2
github.com/Black-And-White-Club/frolf-bot/app/modules/round/infrastructure/repositories/round.go:270.4,272.32 2 2
github.com/Black-And-White-Club/frolf-bot/app/modules/round/infrastructure/repositories/round.go:272.32,275.23 2 0
github.com/Black-And-White-Club/frolf-bot/app/modules/round/infrastructure/repositories/round.go:275.23,277.6 1 0
github.com/Black-And-White-Club/frolf-bot/app/modules/round/infrastructure/repositories/round.go:278.5,279.33 2 0
github.com/Black-And-White-Club/frolf-bot/app/modules/round/infrastructure/repositories/round.go:279.33,281.6 1 0
github.com/Black-And-White-Club/frolf-bot/app/modules/round/infrastructure/repositories/round.go:282.5,287.32 2 0
github.com/Black-And-White-Club/frolf-bot/app/modules/round/infrastructure/repositories/round.go:290.4,291.9 2 2
github.com/Black-And-White-Club/frolf-bot/app/modules/round/infrastructure/repositories/round.go:295.2,295.14 1 2
github.com/Black-And-White-Club/frolf-bot/app/modules/round/infrastructure/repositories/round.go:295.14,304.3 2 0
github.com/Black-And-White-Club/frolf-bot/app/modules/round/infrastructure/repositories/round.go:307.2,318.16 3 2
github.com/Black-And-White-Club/frolf-bot/app/modules/round/infrastructure/repositories/round.go:318.16,322.3 2 0
github.com/Black-And-White-Club/frolf-bot/app/modules/round/infrastructure/repositories/round.go:325.2,325.36 1 2
github.com/Black-And-White-Club/frolf-bot/app/modules/round/infrastructure/repositories/round.go:325.36,329.3 2 0
github.com/Black-And-White-Club/frolf-bot/app/modules/round/infrastructure/repositories/round.go:332.2,334.34 2 2
github.com/Black-And-White-Club/frolf-bot/app/modules/round/infrastructure/repositories/round.go:338.126,344.16 2 4
github.com/Black-And-White-Club/frolf-bot/app/modules/round/infrastructure/repositories/round.go:344.16,346.3 1 0
github.com/Black-And-White-Club/frolf-bot/app/modules/round/infrastructure/repositories/round.go:347.2,347.12 1 4
github.com/Black-And-White-Club/frolf-bot/app/modules/round/infrastructure/repositories/round.go:351.92,357.16 3 6
github.com/Black-And-White-Club/frolf-bot/app/modules/round/infrastructure/repositories/round.go:357.16,359.3 1 0
github.com/Black-And-White-Club/frolf-bot/app/modules/round/infrastructure/repositories/round.go:360.2,360.20 1 6
github.com/Black-And-White-Club/frolf-bot/app/modules/round/infrastructure/repositories/round.go:364.165,370.16 3 2
github.com/Black-And-White-Club/frolf-bot/app/modules/round/infrastructure/repositories/round.go:370.16,372.3 1 1
github.com/Black-And-White-Club/frolf-bot/app/modules/round/infrastructure/repositories/round.go:375.2,376.39 2 1
github.com/Black-And-White-Club/frolf-bot/app/modules/round/infrastructure/repositories/round.go:376.39,377.32 1 1
github.com/Black-And-White-Club/frolf-bot/app/modules/round/infrastructure/repositories/round.go:377.32,380.9 3 1
github.com/Black-And-White-Club/frolf-bot/app/modules/round/infrastructure/repositories/round.go:383.2,383.12 1 1
github.com/Black-And-White-Club/frolf-bot/app/modules/round/infrastructure/repositories/round.go:383.12,385.3 1 0
github.com/Black-And-White-Club/frolf-bot/app/modules/round/infrastructure/repositories/round.go:388.2,393.16 2 1
github.com/Black-And-White-Club/frolf-bot/app/modules/round/infrastructure/repositories/round.go:393.16,395.3 1 0
github.com/Black-And-White-Club/frolf-bot/app/modules/round/infrastructure/repositories/round.go:397.2,397.12 1 1
github.com/Black-And-White-Club/frolf-bot/app/modules/round/infrastructure/repositories/round.go:401.158,407.16 3 0
github.com/Black-And-White-Club/frolf-bot/app/modules/round/infrastructure/repositories/round.go:407.16,409.3 1 0
github.com/Black-And-White-Club/frolf-bot/app/modules/round/infrastructure/repositories/round.go:411.2,412.39 2 0
github.com/Black-And-White-Club/frolf-bot/app/modules/round/infrastructure/repositories/round.go:412.39,413.38 1 0
github.com/Black-And-White-Club/frolf-bot/app/modules/round/infrastructure/repositories/round.go:413.38,414.38 1 0
github.com/Black-And-White-Club/frolf-bot/app/modules/round/infrastructure/repositories/round.go:414.38,416.10 2 0
github.com/Black-And-White-Club/frolf-bot/app/modules/round/infrastructure/repositories/round.go:421.2,421.26 1 0
github.com/Black-And-White-Club/frolf-bot/app/modules/round/infrastructure/repositories/round.go:425.119,432.16 3 0
github.com/Black-And-White-Club/frolf-bot/app/modules/round/infrastructure/repositories/round.go:432.16,434.3 1 0
github.com/Black-And-White-Club/frolf-bot/app/modules/round/infrastructure/repositories/round.go:435.2,435.25 1 0
github.com/Black-And-White-Club/frolf-bot/app/modules/round/infrastructure/repositories/round.go:439.85,444.16 2 0
github.com/Black-And-White-Club/frolf-bot/app/modules/round/infrastructure/repositories/round.go:444.16,446.3 1 0
github.com/Black-And-White-Club/frolf-bot/app/modules/round/infrastructure/repositories/round.go:447.2,447.12 1 0
github.com/Black-And-White-Club/frolf-bot/app/modules/round/infrastructure/repositories/round.go:451.124,457.16 3 9
github.com/Black-And-White-Club/frolf-bot/app/modules/round/infrastructure/repositories/round.go:457.16,458.27 1 2
github.com/Black-And-White-Club/frolf-bot/app/modules/round/infrastructure/repositories/round.go:458.27,461.4 1 2
github.com/Black-And-White-Club/frolf-bot/app/modules/round/infrastructure/repositories/round.go:462.3,462.59 1 0
github.com/Black-And-White-Club/frolf-bot/app/modules/round/infrastructure/repositories/round.go:465.2,465.32 1 7
github.com/Black-And-White-Club/frolf-bot/app/modules/round/infrastructure/repositories/round.go:469.145,478.16 3 3
github.com/Black-And-White-Club/frolf-bot/app/modules/round/infrastructure/repositories/round.go:478.16,480.3 1 1
github.com/Black-And-White-Club/frolf-bot/app/modules/round/infrastructure/repositories/round.go:483.2,497.19 2 2
github.com/Black-And-White-Club/frolf-bot/app/modules/round/infrastructure/repositories/round.go:501.122,509.16 3 0
github.com/Black-And-White-Club/frolf-bot/app/modules/round/infrastructure/repositories/round.go:509.16,511.3 1 0
github.com/Black-And-White-Club/frolf-bot/app/modules/round/infrastructure/repositories/round.go:513.2,513.29 1 0
github.com/Black-And-White-Club/frolf-bot/app/modules/round/infrastructure/repositories/round.go:517.113,518.89 1 4
github.com/Black-And-White-Club/frolf-bot/app/modules/round/infrastructure/repositories/round.go:518.89,519.34 1 4
github.com/Black-And-White-Club/frolf-bot/app/modules/round/infrastructure/repositories/round.go:519.34,526.18 2 3
github.com/Black-And-White-Club/frolf-bot/app/modules/round/infrastructure/repositories/round.go:526.18,528.5 1 0
github.com/Black-And-White-Club/frolf-bot/app/modules/round/infrastructure/repositories/round.go:530.3,530.13 1 4
github.com/Black-And-White-Club/frolf-bot/app/modules/round/infrastructure/repositories/round.go:535.100,543.2 2 0
github.com/Black-And-White-Club/frolf-bot/app/modules/round/time_utils/time_conversion.go:28.34,41.2 1 5
github.com/Black-And-White-Club/frolf-bot/app/modules/round/time_utils/time_conversion.go:44.73,46.52 1 4
github.com/Black-And-White-Club/frolf-bot/app/modules/round/time_utils/time_conversion.go:46.52,48.3 1 4
github.com/Black-And-White-Club/frolf-bot/app/modules/round/time_utils/time_conversion.go:51.2,52.53 2 0
github.com/Black-And-White-Club/frolf-bot/app/modules/round/time_utils/time_conversion.go:52.53,53.49 1 0
github.com/Black-And-White-Club/frolf-bot/app/modules/round/time_utils/time_conversion.go:53.49,55.4 1 0
github.com/Black-And-White-Club/frolf-bot/app/modules/round/time_utils/time_conversion.go:59.2,60.33 2 0
github.com/Black-And-White-Club/frolf-bot/app/modules/round/time_utils/time_conversion.go:64.131,67.12 2 4
github.com/Black-And-White-Club/frolf-bot/app/modules/round/time_utils/time_conversion.go:67.12,69.3 1 0
github.com/Black-And-White-Club/frolf-bot/app/modules/round/time_utils/time_conversion.go:70.2,74.16 3 4
github.com/Black-And-White-Club/frolf-bot/app/modules/round/time_utils/time_conversion.go:74.16,76.3 1 0
github.com/Black-And-White-Club/frolf-bot/app/modules/round/time_utils/time_conversion.go:79.2,92.16 8 4
github.com/Black-And-White-Club/frolf-bot/app/modules/round/time_utils/time_conversion.go:92.16,94.3 1 0
github.com/Black-And-White-Club/frolf-bot/app/modules/round/time_utils/time_conversion.go:95.2,95.14 1 4
github.com/Black-And-White-Club/frolf-bot/app/modules/round/time_utils/time_conversion.go:95.14,103.34 5 3
github.com/Black-And-White-Club/frolf-bot/app/modules/round/time_utils/time_conversion.go:103.34,105.4 1 1
github.com/Black-And-White-Club/frolf-bot/app/modules/round/time_utils/time_conversion.go:108.3,108.45 1 2
github.com/Black-And-White-Club/frolf-bot/app/modules/round/time_utils/time_conversion.go:112.2,117.16 4 1
github.com/Black-And-White-Club/frolf-bot/app/modules/round/time_utils/time_conversion.go:117.16,119.3 1 1
github.com/Black-And-White-Club/frolf-bot/app/modules/round/time_utils/time_conversion.go:121.2,122.44 2 0
github.com/Black-And-White-Club/frolf-bot/app/modules/round/utils/clock.go:19.34,21.2 1 8
github.com/Black-And-White-Club/frolf-bot/app/modules/round/utils/clock.go:24.37,26.2 1 0
github.com/Black-And-White-Club/frolf-bot/app/modules/round/utils/clock.go:29.58,31.2 1 0
github.com/Black-And-White-Club/frolf-bot/app/modules/round/utils/clock.go:34.41,36.2 1 0
github.com/Black-And-White-Club/frolf-bot/app/modules/round/utils/clock.go:39.65,41.2 1 0
github.com/Black-And-White-Club/frolf-bot/app/modules/round/utils/clock.go:43.68,45.2 1 0
github.com/Black-And-White-Club/frolf-bot/app/modules/round/utils/validator.go:21.41,25.2 1 86
github.com/Black-And-White-Club/frolf-bot/app/modules/round/utils/validator.go:28.99,31.23 2 0
github.com/Black-And-White-Club/frolf-bot/app/modules/round/utils/validator.go:31.23,33.3 1 0
github.com/Black-And-White-Club/frolf-bot/app/modules/round/utils/validator.go:35.2,35.28 1 0
github.com/Black-And-White-Club/frolf-bot/app/modules/round/utils/validator.go:35.28,37.3 1 0
github.com/Black-And-White-Club/frolf-bot/app/modules/round/utils/validator.go:39.2,39.27 1 0
github.com/Black-And-White-Club/frolf-bot/app/modules/round/utils/validator.go:39.27,41.3 1 0
github.com/Black-And-White-Club/frolf-bot/app/modules/round/utils/validator.go:43.2,43.30 1 0
github.com/Black-And-White-Club/frolf-bot/app/modules/round/utils/validator.go:43.30,45.3 1 0
github.com/Black-And-White-Club/frolf-bot/app/modules/round/utils/validator.go:47.2,47.13 1 0
github.com/Black-And-White-Club/frolf-bot/app/modules/round/utils/validator.go:51.93,54.23 2 5
github.com/Black-And-White-Club/frolf-bot/app/modules/round/utils/validator.go:54.23,56.3 1 1
github.com/Black-And-White-Club/frolf-bot/app/modules/round/utils/validator.go:58.2,58.27 1 5
github.com/Black-And-White-Club/frolf-bot/app/modules/round/utils/validator.go:58.27,60.3 1 0
github.com/Black-And-White-Club/frolf-bot/app/modules/round/utils/validator.go:62.2,62.27 1 5
github.com/Black-And-White-Club/frolf-bot/app/modules/round/utils/validator.go:62.27,64.3 1 0
github.com/Black-And-White-Club/frolf-bot/app/modules/round/utils/validator.go:66.2,66.30 1 5
github.com/Black-And-White-Club/frolf-bot/app/modules/round/utils/validator.go:66.30,68.3 1 0
github.com/Black-And-White-Club/frolf-bot/app/modules/round/utils/validator.go:70.2,70.13 1 5
