mode: atomic
github.com/Black-And-White-Club/frolf-bot/app/modules/round/application/create_round.go:19.190,20.153 1 4
github.com/Black-And-White-Club/frolf-bot/app/modules/round/application/create_round.go:20.153,31.20 3 4
github.com/Black-And-White-Club/frolf-bot/app/modules/round/application/create_round.go:31.20,39.4 2 1
github.com/Black-And-White-Club/frolf-bot/app/modules/round/application/create_round.go:39.9,41.4 1 3
github.com/Black-And-White-Club/frolf-bot/app/modules/round/application/create_round.go:44.3,49.17 2 3
github.com/Black-And-White-Club/frolf-bot/app/modules/round/application/create_round.go:49.17,57.4 2 1
github.com/Black-And-White-Club/frolf-bot/app/modules/round/application/create_round.go:57.9,59.4 1 2
github.com/Black-And-White-Club/frolf-bot/app/modules/round/application/create_round.go:62.3,63.42 2 2
github.com/Black-And-White-Club/frolf-bot/app/modules/round/application/create_round.go:63.42,71.4 2 1
github.com/Black-And-White-Club/frolf-bot/app/modules/round/application/create_round.go:74.3,100.60 4 1
github.com/Black-And-White-Club/frolf-bot/app/modules/round/application/create_round.go:103.2,103.20 1 4
github.com/Black-And-White-Club/frolf-bot/app/modules/round/application/create_round.go:107.133,108.127 1 4
github.com/Black-And-White-Club/frolf-bot/app/modules/round/application/create_round.go:108.127,110.135 1 4
github.com/Black-And-White-Club/frolf-bot/app/modules/round/application/create_round.go:110.135,118.4 2 1
github.com/Black-And-White-Club/frolf-bot/app/modules/round/application/create_round.go:120.3,122.33 3 3
github.com/Black-And-White-Club/frolf-bot/app/modules/round/application/create_round.go:122.33,124.4 1 3
github.com/Black-And-White-Club/frolf-bot/app/modules/round/application/create_round.go:126.3,142.88 4 3
github.com/Black-And-White-Club/frolf-bot/app/modules/round/application/create_round.go:142.88,149.4 1 0
github.com/Black-And-White-Club/frolf-bot/app/modules/round/application/create_round.go:152.3,153.33 2 3
github.com/Black-And-White-Club/frolf-bot/app/modules/round/application/create_round.go:153.33,155.4 1 3
github.com/Black-And-White-Club/frolf-bot/app/modules/round/application/create_round.go:157.3,158.30 2 3
github.com/Black-And-White-Club/frolf-bot/app/modules/round/application/create_round.go:158.30,160.4 1 3
github.com/Black-And-White-Club/frolf-bot/app/modules/round/application/create_round.go:162.3,163.31 2 3
github.com/Black-And-White-Club/frolf-bot/app/modules/round/application/create_round.go:163.31,165.4 1 3
github.com/Black-And-White-Club/frolf-bot/app/modules/round/application/create_round.go:167.3,176.62 2 3
github.com/Black-And-White-Club/frolf-bot/app/modules/round/application/create_round.go:176.62,184.4 2 2
github.com/Black-And-White-Club/frolf-bot/app/modules/round/application/create_round.go:184.9,186.4 1 1
github.com/Black-And-White-Club/frolf-bot/app/modules/round/application/create_round.go:189.3,211.10 3 1
github.com/Black-And-White-Club/frolf-bot/app/modules/round/application/create_round.go:215.2,215.20 1 4
github.com/Black-And-White-Club/frolf-bot/app/modules/round/application/create_round.go:220.147,221.128 1 0
github.com/Black-And-White-Club/frolf-bot/app/modules/round/application/create_round.go:221.128,228.19 3 0
github.com/Black-And-White-Club/frolf-bot/app/modules/round/application/create_round.go:228.19,241.4 3 0
github.com/Black-And-White-Club/frolf-bot/app/modules/round/application/create_round.go:243.3,249.51 3 0
github.com/Black-And-White-Club/frolf-bot/app/modules/round/application/create_round.go:251.2,251.16 1 0
github.com/Black-And-White-Club/frolf-bot/app/modules/round/application/create_round.go:251.16,253.3 1 0
github.com/Black-And-White-Club/frolf-bot/app/modules/round/application/create_round.go:255.2,255.27 1 0
github.com/Black-And-White-Club/frolf-bot/app/modules/round/application/create_round.go:255.27,257.10 2 0
github.com/Black-And-White-Club/frolf-bot/app/modules/round/application/create_round.go:257.10,263.4 2 0
github.com/Black-And-White-Club/frolf-bot/app/modules/round/application/create_round.go:264.3,264.27 1 0
github.com/Black-And-White-Club/frolf-bot/app/modules/round/application/create_round.go:267.2,267.27 1 0
github.com/Black-And-White-Club/frolf-bot/app/modules/round/application/create_round.go:267.27,272.3 2 0
github.com/Black-And-White-Club/frolf-bot/app/modules/round/application/create_round.go:274.2,275.8 2 0
github.com/Black-And-White-Club/frolf-bot/app/modules/round/application/create_round.go:275.8,277.3 1 0
github.com/Black-And-White-Club/frolf-bot/app/modules/round/application/create_round.go:278.2,278.63 1 0
github.com/Black-And-White-Club/frolf-bot/app/modules/round/application/delete_round.go:14.149,15.134 1 3
github.com/Black-And-White-Club/frolf-bot/app/modules/round/application/delete_round.go:15.134,16.55 1 3
github.com/Black-And-White-Club/frolf-bot/app/modules/round/application/delete_round.go:16.55,23.4 1 1
github.com/Black-And-White-Club/frolf-bot/app/modules/round/application/delete_round.go:25.3,25.41 1 2
github.com/Black-And-White-Club/frolf-bot/app/modules/round/application/delete_round.go:25.41,32.4 1 1
github.com/Black-And-White-Club/frolf-bot/app/modules/round/application/delete_round.go:34.3,43.9 2 1
github.com/Black-And-White-Club/frolf-bot/app/modules/round/application/delete_round.go:47.137,49.54 1 4
github.com/Black-And-White-Club/frolf-bot/app/modules/round/application/delete_round.go:49.54,59.3 2 1
github.com/Black-And-White-Club/frolf-bot/app/modules/round/application/delete_round.go:61.2,72.68 3 3
github.com/Black-And-White-Club/frolf-bot/app/modules/round/application/delete_round.go:72.68,85.3 2 1
github.com/Black-And-White-Club/frolf-bot/app/modules/round/application/delete_round.go:86.2,89.80 2 2
github.com/Black-And-White-Club/frolf-bot/app/modules/round/application/delete_round.go:89.80,95.3 1 1
github.com/Black-And-White-Club/frolf-bot/app/modules/round/application/delete_round.go:95.8,97.3 1 1
github.com/Black-And-White-Club/frolf-bot/app/modules/round/application/delete_round.go:99.2,109.8 3 2
github.com/Black-And-White-Club/frolf-bot/app/modules/round/application/finalize_round.go:14.136,15.129 1 3
github.com/Black-And-White-Club/frolf-bot/app/modules/round/application/finalize_round.go:15.129,21.88 3 3
github.com/Black-And-White-Club/frolf-bot/app/modules/round/application/finalize_round.go:21.88,32.4 4 1
github.com/Black-And-White-Club/frolf-bot/app/modules/round/application/finalize_round.go:35.3,36.17 2 2
github.com/Black-And-White-Club/frolf-bot/app/modules/round/application/finalize_round.go:36.17,47.4 4 1
github.com/Black-And-White-Club/frolf-bot/app/modules/round/application/finalize_round.go:50.3,59.62 3 1
github.com/Black-And-White-Club/frolf-bot/app/modules/round/application/finalize_round.go:62.2,62.20 1 3
github.com/Black-And-White-Club/frolf-bot/app/modules/round/application/finalize_round.go:66.136,67.133 1 3
github.com/Black-And-White-Club/frolf-bot/app/modules/round/application/finalize_round.go:67.133,73.40 3 3
github.com/Black-And-White-Club/frolf-bot/app/modules/round/application/finalize_round.go:73.40,75.47 2 4
github.com/Black-And-White-Club/frolf-bot/app/modules/round/application/finalize_round.go:75.47,77.5 1 2
github.com/Black-And-White-Club/frolf-bot/app/modules/round/application/finalize_round.go:79.4,80.22 2 4
github.com/Black-And-White-Club/frolf-bot/app/modules/round/application/finalize_round.go:80.22,82.5 1 2
github.com/Black-And-White-Club/frolf-bot/app/modules/round/application/finalize_round.go:84.4,89.6 2 4
github.com/Black-And-White-Club/frolf-bot/app/modules/round/application/finalize_round.go:93.3,103.66 3 3
github.com/Black-And-White-Club/frolf-bot/app/modules/round/application/finalize_round.go:106.2,106.20 1 3
github.com/Black-And-White-Club/frolf-bot/app/modules/round/application/finalize_round.go:110.123,115.2 1 0
github.com/Black-And-White-Club/frolf-bot/app/modules/round/application/participant_status.go:15.149,16.138 1 4
github.com/Black-And-White-Club/frolf-bot/app/modules/round/application/participant_status.go:16.138,25.17 3 4
github.com/Black-And-White-Club/frolf-bot/app/modules/round/application/participant_status.go:25.17,38.4 3 1
github.com/Black-And-White-Club/frolf-bot/app/modules/round/application/participant_status.go:40.3,41.25 2 3
github.com/Black-And-White-Club/frolf-bot/app/modules/round/application/participant_status.go:41.25,43.4 1 2
github.com/Black-And-White-Club/frolf-bot/app/modules/round/application/participant_status.go:44.3,51.48 2 3
github.com/Black-And-White-Club/frolf-bot/app/modules/round/application/participant_status.go:51.48,63.4 3 1
github.com/Black-And-White-Club/frolf-bot/app/modules/round/application/participant_status.go:66.3,76.63 3 2
github.com/Black-And-White-Club/frolf-bot/app/modules/round/application/participant_status.go:79.2,79.20 1 4
github.com/Black-And-White-Club/frolf-bot/app/modules/round/application/participant_status.go:83.157,84.146 1 2
github.com/Black-And-White-Club/frolf-bot/app/modules/round/application/participant_status.go:84.146,96.55 3 2
github.com/Black-And-White-Club/frolf-bot/app/modules/round/application/participant_status.go:96.55,98.4 1 0
github.com/Black-And-White-Club/frolf-bot/app/modules/round/application/participant_status.go:99.3,99.27 1 2
github.com/Black-And-White-Club/frolf-bot/app/modules/round/application/participant_status.go:99.27,101.4 1 0
github.com/Black-And-White-Club/frolf-bot/app/modules/round/application/participant_status.go:103.3,103.29 1 2
github.com/Black-And-White-Club/frolf-bot/app/modules/round/application/participant_status.go:103.29,115.56 3 0
github.com/Black-And-White-Club/frolf-bot/app/modules/round/application/participant_status.go:115.56,117.27 2 0
github.com/Black-And-White-Club/frolf-bot/app/modules/round/application/participant_status.go:117.27,119.6 1 0
github.com/Black-And-White-Club/frolf-bot/app/modules/round/application/participant_status.go:119.11,125.6 1 0
github.com/Black-And-White-Club/frolf-bot/app/modules/round/application/participant_status.go:127.4,127.108 1 0
github.com/Black-And-White-Club/frolf-bot/app/modules/round/application/participant_status.go:131.3,136.17 3 2
github.com/Black-And-White-Club/frolf-bot/app/modules/round/application/participant_status.go:136.17,148.20 3 1
github.com/Black-And-White-Club/frolf-bot/app/modules/round/application/participant_status.go:148.20,150.5 1 0
github.com/Black-And-White-Club/frolf-bot/app/modules/round/application/participant_status.go:152.4,152.110 1 1
github.com/Black-And-White-Club/frolf-bot/app/modules/round/application/participant_status.go:156.3,167.27 4 1
github.com/Black-And-White-Club/frolf-bot/app/modules/round/application/participant_status.go:168.64,179.64 3 1
github.com/Black-And-White-Club/frolf-bot/app/modules/round/application/participant_status.go:181.35,188.55 2 0
github.com/Black-And-White-Club/frolf-bot/app/modules/round/application/participant_status.go:190.11,203.20 3 0
github.com/Black-And-White-Club/frolf-bot/app/modules/round/application/participant_status.go:203.20,205.5 1 0
github.com/Black-And-White-Club/frolf-bot/app/modules/round/application/participant_status.go:207.4,207.118 1 0
github.com/Black-And-White-Club/frolf-bot/app/modules/round/application/participant_status.go:211.2,211.20 1 2
github.com/Black-And-White-Club/frolf-bot/app/modules/round/application/participant_status.go:215.148,217.134 1 5
github.com/Black-And-White-Club/frolf-bot/app/modules/round/application/participant_status.go:217.134,227.17 3 5
github.com/Black-And-White-Club/frolf-bot/app/modules/round/application/participant_status.go:227.17,240.4 3 1
github.com/Black-And-White-Club/frolf-bot/app/modules/round/application/participant_status.go:244.3,246.53 3 4
github.com/Black-And-White-Club/frolf-bot/app/modules/round/application/participant_status.go:246.53,247.34 1 4
github.com/Black-And-White-Club/frolf-bot/app/modules/round/application/participant_status.go:247.34,250.10 3 3
github.com/Black-And-White-Club/frolf-bot/app/modules/round/application/participant_status.go:254.3,254.38 1 4
github.com/Black-And-White-Club/frolf-bot/app/modules/round/application/participant_status.go:254.38,277.4 4 1
github.com/Black-And-White-Club/frolf-bot/app/modules/round/application/participant_status.go:279.3,288.91 2 3
github.com/Black-And-White-Club/frolf-bot/app/modules/round/application/participant_status.go:288.91,301.4 3 1
github.com/Black-And-White-Club/frolf-bot/app/modules/round/application/participant_status.go:303.3,313.17 3 2
github.com/Black-And-White-Club/frolf-bot/app/modules/round/application/participant_status.go:313.17,332.4 3 1
github.com/Black-And-White-Club/frolf-bot/app/modules/round/application/participant_status.go:335.3,364.60 4 1
github.com/Black-And-White-Club/frolf-bot/app/modules/round/application/participant_status.go:368.2,368.20 1 5
github.com/Black-And-White-Club/frolf-bot/app/modules/round/application/participant_status.go:373.150,375.139 1 8
github.com/Black-And-White-Club/frolf-bot/app/modules/round/application/participant_status.go:375.139,378.32 2 8
github.com/Black-And-White-Club/frolf-bot/app/modules/round/application/participant_status.go:378.32,380.4 1 0
github.com/Black-And-White-Club/frolf-bot/app/modules/round/application/participant_status.go:383.3,395.134 2 8
github.com/Black-And-White-Club/frolf-bot/app/modules/round/application/participant_status.go:395.134,405.18 3 3
github.com/Black-And-White-Club/frolf-bot/app/modules/round/application/participant_status.go:405.18,418.5 3 1
github.com/Black-And-White-Club/frolf-bot/app/modules/round/application/participant_status.go:421.4,435.18 4 2
github.com/Black-And-White-Club/frolf-bot/app/modules/round/application/participant_status.go:435.18,448.5 3 1
github.com/Black-And-White-Club/frolf-bot/app/modules/round/application/participant_status.go:451.4,462.60 3 1
github.com/Black-And-White-Club/frolf-bot/app/modules/round/application/participant_status.go:464.9,468.28 1 5
github.com/Black-And-White-Club/frolf-bot/app/modules/round/application/participant_status.go:469.65,484.64 3 1
github.com/Black-And-White-Club/frolf-bot/app/modules/round/application/participant_status.go:486.36,495.19 3 3
github.com/Black-And-White-Club/frolf-bot/app/modules/round/application/participant_status.go:495.19,507.6 3 1
github.com/Black-And-White-Club/frolf-bot/app/modules/round/application/participant_status.go:510.5,524.19 4 2
github.com/Black-And-White-Club/frolf-bot/app/modules/round/application/participant_status.go:524.19,537.6 3 1
github.com/Black-And-White-Club/frolf-bot/app/modules/round/application/participant_status.go:540.5,551.61 3 1
github.com/Black-And-White-Club/frolf-bot/app/modules/round/application/participant_status.go:553.12,565.116 3 1
github.com/Black-And-White-Club/frolf-bot/app/modules/round/application/participant_status.go:571.2,571.20 1 8
github.com/Black-And-White-Club/frolf-bot/app/modules/round/application/participant_status.go:575.125,576.33 1 3
github.com/Black-And-White-Club/frolf-bot/app/modules/round/application/participant_status.go:576.33,577.42 1 4
github.com/Black-And-White-Club/frolf-bot/app/modules/round/application/participant_status.go:578.34,579.34 1 3
github.com/Black-And-White-Club/frolf-bot/app/modules/round/application/participant_status.go:580.35,581.34 1 1
github.com/Black-And-White-Club/frolf-bot/app/modules/round/application/participant_status.go:582.37,583.36 1 0
github.com/Black-And-White-Club/frolf-bot/app/modules/round/application/participant_status.go:586.2,586.8 1 3
github.com/Black-And-White-Club/frolf-bot/app/modules/round/application/participant_tags.go:15.174,18.16 2 3
github.com/Black-And-White-Club/frolf-bot/app/modules/round/application/participant_tags.go:18.16,20.3 1 1
github.com/Black-And-White-Club/frolf-bot/app/modules/round/application/participant_tags.go:23.2,26.31 2 2
github.com/Black-And-White-Club/frolf-bot/app/modules/round/application/participant_tags.go:26.31,32.50 2 4
github.com/Black-And-White-Club/frolf-bot/app/modules/round/application/participant_tags.go:32.50,33.65 1 8
github.com/Black-And-White-Club/frolf-bot/app/modules/round/application/participant_tags.go:33.65,36.5 2 3
github.com/Black-And-White-Club/frolf-bot/app/modules/round/application/participant_tags.go:38.3,38.35 1 4
github.com/Black-And-White-Club/frolf-bot/app/modules/round/application/participant_tags.go:38.35,40.4 1 2
github.com/Black-And-White-Club/frolf-bot/app/modules/round/application/participant_tags.go:43.2,47.21 2 2
github.com/Black-And-White-Club/frolf-bot/app/modules/round/application/participant_tags.go:51.160,52.162 1 3
github.com/Black-And-White-Club/frolf-bot/app/modules/round/application/participant_tags.go:52.162,55.17 2 3
github.com/Black-And-White-Club/frolf-bot/app/modules/round/application/participant_tags.go:55.17,61.4 1 1
github.com/Black-And-White-Club/frolf-bot/app/modules/round/application/participant_tags.go:63.3,68.77 2 2
github.com/Black-And-White-Club/frolf-bot/app/modules/round/application/participant_tags.go:68.77,74.4 1 1
github.com/Black-And-White-Club/frolf-bot/app/modules/round/application/participant_tags.go:76.3,88.34 3 1
github.com/Black-And-White-Club/frolf-bot/app/modules/round/application/participant_tags.go:88.34,92.4 3 2
github.com/Black-And-White-Club/frolf-bot/app/modules/round/application/participant_tags.go:94.3,94.66 1 1
github.com/Black-And-White-Club/frolf-bot/app/modules/round/application/participant_tags.go:97.2,97.20 1 3
github.com/Black-And-White-Club/frolf-bot/app/modules/round/application/retrieve_round.go:14.113,15.108 1 2
github.com/Black-And-White-Club/frolf-bot/app/modules/round/application/retrieve_round.go:15.108,21.17 3 2
github.com/Black-And-White-Club/frolf-bot/app/modules/round/application/retrieve_round.go:21.17,33.4 3 1
github.com/Black-And-White-Club/frolf-bot/app/modules/round/application/retrieve_round.go:35.3,58.9 4 1
github.com/Black-And-White-Club/frolf-bot/app/modules/round/application/round_reminders.go:14.140,15.128 1 3
github.com/Black-And-White-Club/frolf-bot/app/modules/round/application/round_reminders.go:15.128,25.17 4 3
github.com/Black-And-White-Club/frolf-bot/app/modules/round/application/round_reminders.go:25.17,37.4 3 1
github.com/Black-And-White-Club/frolf-bot/app/modules/round/application/round_reminders.go:39.3,39.34 1 2
github.com/Black-And-White-Club/frolf-bot/app/modules/round/application/round_reminders.go:39.34,40.93 1 3
github.com/Black-And-White-Club/frolf-bot/app/modules/round/application/round_reminders.go:40.93,42.5 1 2
github.com/Black-And-White-Club/frolf-bot/app/modules/round/application/round_reminders.go:46.3,46.24 1 2
github.com/Black-And-White-Club/frolf-bot/app/modules/round/application/round_reminders.go:46.24,55.4 2 1
github.com/Black-And-White-Club/frolf-bot/app/modules/round/application/round_reminders.go:58.3,75.9 3 1
github.com/Black-And-White-Club/frolf-bot/app/modules/round/application/schedule_round.go:16.163,17.127 1 14
github.com/Black-And-White-Club/frolf-bot/app/modules/round/application/schedule_round.go:17.127,23.101 2 14
github.com/Black-And-White-Club/frolf-bot/app/modules/round/application/schedule_round.go:23.101,34.4 2 1
github.com/Black-And-White-Club/frolf-bot/app/modules/round/application/schedule_round.go:37.3,43.39 3 12
github.com/Black-And-White-Club/frolf-bot/app/modules/round/application/schedule_round.go:43.39,57.18 4 9
github.com/Black-And-White-Club/frolf-bot/app/modules/round/application/schedule_round.go:57.18,68.5 2 0
github.com/Black-And-White-Club/frolf-bot/app/modules/round/application/schedule_round.go:71.4,72.158 2 9
github.com/Black-And-White-Club/frolf-bot/app/modules/round/application/schedule_round.go:72.158,83.5 2 1
github.com/Black-And-White-Club/frolf-bot/app/modules/round/application/schedule_round.go:84.9,90.4 1 3
github.com/Black-And-White-Club/frolf-bot/app/modules/round/application/schedule_round.go:93.3,93.44 1 11
github.com/Black-And-White-Club/frolf-bot/app/modules/round/application/schedule_round.go:93.44,109.18 4 8
github.com/Black-And-White-Club/frolf-bot/app/modules/round/application/schedule_round.go:109.18,120.5 2 0
github.com/Black-And-White-Club/frolf-bot/app/modules/round/application/schedule_round.go:123.4,124.160 2 8
github.com/Black-And-White-Club/frolf-bot/app/modules/round/application/schedule_round.go:124.160,135.5 2 1
github.com/Black-And-White-Club/frolf-bot/app/modules/round/application/schedule_round.go:136.9,142.4 1 3
github.com/Black-And-White-Club/frolf-bot/app/modules/round/application/schedule_round.go:144.3,161.9 3 10
github.com/Black-And-White-Club/frolf-bot/app/modules/round/application/score_round.go:18.149,19.134 1 4
github.com/Black-And-White-Club/frolf-bot/app/modules/round/application/score_round.go:19.134,21.55 2 4
github.com/Black-And-White-Club/frolf-bot/app/modules/round/application/score_round.go:21.55,23.4 1 1
github.com/Black-And-White-Club/frolf-bot/app/modules/round/application/score_round.go:24.3,24.32 1 4
github.com/Black-And-White-Club/frolf-bot/app/modules/round/application/score_round.go:24.32,26.4 1 1
github.com/Black-And-White-Club/frolf-bot/app/modules/round/application/score_round.go:27.3,27.27 1 4
github.com/Black-And-White-Club/frolf-bot/app/modules/round/application/score_round.go:27.27,29.4 1 1
github.com/Black-And-White-Club/frolf-bot/app/modules/round/application/score_round.go:32.3,32.20 1 4
github.com/Black-And-White-Club/frolf-bot/app/modules/round/application/score_round.go:32.20,44.4 3 3
github.com/Black-And-White-Club/frolf-bot/app/modules/round/application/score_round.go:46.3,54.9 2 1
github.com/Black-And-White-Club/frolf-bot/app/modules/round/application/score_round.go:59.147,60.156 1 4
github.com/Black-And-White-Club/frolf-bot/app/modules/round/application/score_round.go:60.156,63.17 2 4
github.com/Black-And-White-Club/frolf-bot/app/modules/round/application/score_round.go:63.17,74.4 2 1
github.com/Black-And-White-Club/frolf-bot/app/modules/round/application/score_round.go:77.3,78.17 2 3
github.com/Black-And-White-Club/frolf-bot/app/modules/round/application/score_round.go:78.17,91.4 2 1
github.com/Black-And-White-Club/frolf-bot/app/modules/round/application/score_round.go:94.3,95.17 2 2
github.com/Black-And-White-Club/frolf-bot/app/modules/round/application/score_round.go:95.17,106.4 2 1
github.com/Black-And-White-Club/frolf-bot/app/modules/round/application/score_round.go:108.3,124.9 2 1
github.com/Black-And-White-Club/frolf-bot/app/modules/round/application/score_round.go:137.151,138.131 1 4
github.com/Black-And-White-Club/frolf-bot/app/modules/round/application/score_round.go:138.131,140.17 2 4
github.com/Black-And-White-Club/frolf-bot/app/modules/round/application/score_round.go:140.17,152.4 2 1
github.com/Black-And-White-Club/frolf-bot/app/modules/round/application/score_round.go:156.3,157.17 2 3
github.com/Black-And-White-Club/frolf-bot/app/modules/round/application/score_round.go:157.17,169.4 2 1
github.com/Black-And-White-Club/frolf-bot/app/modules/round/application/score_round.go:171.3,171.25 1 2
github.com/Black-And-White-Club/frolf-bot/app/modules/round/application/score_round.go:171.25,185.4 2 1
github.com/Black-And-White-Club/frolf-bot/app/modules/round/application/score_round.go:185.9,201.4 2 1
github.com/Black-And-White-Club/frolf-bot/app/modules/round/application/score_round.go:206.114,208.16 2 4
github.com/Black-And-White-Club/frolf-bot/app/modules/round/application/score_round.go:208.16,210.3 1 1
github.com/Black-And-White-Club/frolf-bot/app/modules/round/application/score_round.go:212.2,212.33 1 3
github.com/Black-And-White-Club/frolf-bot/app/modules/round/application/score_round.go:212.33,213.21 1 5
github.com/Black-And-White-Club/frolf-bot/app/modules/round/application/score_round.go:213.21,215.4 1 1
github.com/Black-And-White-Club/frolf-bot/app/modules/round/application/score_round.go:218.2,218.18 1 2
github.com/Black-And-White-Club/frolf-bot/app/modules/round/application/service.go:38.11,46.206 1 2
github.com/Black-And-White-Club/frolf-bot/app/modules/round/application/service.go:46.206,48.4 1 0
github.com/Black-And-White-Club/frolf-bot/app/modules/round/application/service.go:53.280,54.24 1 4
github.com/Black-And-White-Club/frolf-bot/app/modules/round/application/service.go:54.24,56.3 1 1
github.com/Black-And-White-Club/frolf-bot/app/modules/round/application/service.go:58.2,67.15 5 3
github.com/Black-And-White-Club/frolf-bot/app/modules/round/application/service.go:67.15,70.3 2 3
github.com/Black-And-White-Club/frolf-bot/app/modules/round/application/service.go:72.2,78.15 2 3
github.com/Black-And-White-Club/frolf-bot/app/modules/round/application/service.go:78.15,79.31 1 3
github.com/Black-And-White-Club/frolf-bot/app/modules/round/application/service.go:79.31,91.4 6 1
github.com/Black-And-White-Club/frolf-bot/app/modules/round/application/service.go:94.2,95.16 2 3
github.com/Black-And-White-Club/frolf-bot/app/modules/round/application/service.go:95.16,104.3 5 1
github.com/Black-And-White-Club/frolf-bot/app/modules/round/application/service.go:106.2,112.20 3 1
github.com/Black-And-White-Club/frolf-bot/app/modules/round/application/start_round.go:14.134,15.125 1 3
github.com/Black-And-White-Club/frolf-bot/app/modules/round/application/start_round.go:15.125,22.17 3 3
github.com/Black-And-White-Club/frolf-bot/app/modules/round/application/start_round.go:22.17,34.4 3 1
github.com/Black-And-White-Club/frolf-bot/app/modules/round/application/start_round.go:37.3,39.69 2 2
github.com/Black-And-White-Club/frolf-bot/app/modules/round/application/start_round.go:39.69,51.4 3 1
github.com/Black-And-White-Club/frolf-bot/app/modules/round/application/start_round.go:54.3,55.40 2 1
github.com/Black-And-White-Club/frolf-bot/app/modules/round/application/start_round.go:55.40,62.4 1 2
github.com/Black-And-White-Club/frolf-bot/app/modules/round/application/start_round.go:65.3,80.9 3 1
github.com/Black-And-White-Club/frolf-bot/app/modules/round/application/update_round.go:16.149,17.134 1 3
github.com/Black-And-White-Club/frolf-bot/app/modules/round/application/update_round.go:17.134,19.55 2 3
github.com/Black-And-White-Club/frolf-bot/app/modules/round/application/update_round.go:19.55,21.4 1 1
github.com/Black-And-White-Club/frolf-bot/app/modules/round/application/update_round.go:23.3,23.111 1 3
github.com/Black-And-White-Club/frolf-bot/app/modules/round/application/update_round.go:23.111,25.4 1 2
github.com/Black-And-White-Club/frolf-bot/app/modules/round/application/update_round.go:27.3,27.20 1 3
github.com/Black-And-White-Club/frolf-bot/app/modules/round/application/update_round.go:27.20,39.4 3 2
github.com/Black-And-White-Club/frolf-bot/app/modules/round/application/update_round.go:41.3,49.9 2 1
github.com/Black-And-White-Club/frolf-bot/app/modules/round/application/update_round.go:54.142,55.151 1 3
github.com/Black-And-White-Club/frolf-bot/app/modules/round/application/update_round.go:55.151,62.17 3 3
github.com/Black-And-White-Club/frolf-bot/app/modules/round/application/update_round.go:62.17,73.4 2 1
github.com/Black-And-White-Club/frolf-bot/app/modules/round/application/update_round.go:76.3,76.52 1 2
github.com/Black-And-White-Club/frolf-bot/app/modules/round/application/update_round.go:76.52,78.4 1 2
github.com/Black-And-White-Club/frolf-bot/app/modules/round/application/update_round.go:79.3,79.59 1 2
github.com/Black-And-White-Club/frolf-bot/app/modules/round/application/update_round.go:79.59,81.4 1 0
github.com/Black-And-White-Club/frolf-bot/app/modules/round/application/update_round.go:82.3,82.56 1 2
github.com/Black-And-White-Club/frolf-bot/app/modules/round/application/update_round.go:82.56,84.4 1 0
github.com/Black-And-White-Club/frolf-bot/app/modules/round/application/update_round.go:85.3,85.57 1 2
github.com/Black-And-White-Club/frolf-bot/app/modules/round/application/update_round.go:85.57,88.4 2 0
github.com/Black-And-White-Club/frolf-bot/app/modules/round/application/update_round.go:89.3,89.57 1 2
github.com/Black-And-White-Club/frolf-bot/app/modules/round/application/update_round.go:89.57,91.4 1 0
github.com/Black-And-White-Club/frolf-bot/app/modules/round/application/update_round.go:94.3,94.85 1 2
github.com/Black-And-White-Club/frolf-bot/app/modules/round/application/update_round.go:94.85,105.4 2 1
github.com/Black-And-White-Club/frolf-bot/app/modules/round/application/update_round.go:107.3,126.9 2 1
github.com/Black-And-White-Club/frolf-bot/app/modules/round/application/update_round.go:131.150,132.134 1 3
github.com/Black-And-White-Club/frolf-bot/app/modules/round/application/update_round.go:132.134,138.81 2 3
github.com/Black-And-White-Club/frolf-bot/app/modules/round/application/update_round.go:138.81,143.4 1 1
github.com/Black-And-White-Club/frolf-bot/app/modules/round/application/update_round.go:146.3,147.22 2 3
github.com/Black-And-White-Club/frolf-bot/app/modules/round/application/update_round.go:147.22,162.4 3 1
github.com/Black-And-White-Club/frolf-bot/app/modules/round/application/update_round.go:165.3,172.9 2 2
